This is pdfTeX, Version 3.14159265-2.6-1.40.21 (MiKTeX 20.6.29) (preloaded format=pdflatex 2020.10.24)  24 JAN 2021 17:01
entering extended mode
**"./Tema 4.tex"
("Tema 4.tex"
LaTeX2e <2020-02-02> patch level 5
L3 programming layer <2020-06-18>
("D:\Archivos de programa (x86)\MikTex\tex/latex/base\article.cls"
Document Class: article 2019/12/20 v1.4l Standard LaTeX document class
("D:\Archivos de programa (x86)\MikTex\tex/latex/base\size10.clo"
File: size10.clo 2019/12/20 v1.4l Standard LaTeX file (size option)
)
\c@part=\count167
\c@section=\count168
\c@subsection=\count169
\c@subsubsection=\count170
\c@paragraph=\count171
\c@subparagraph=\count172
\c@figure=\count173
\c@table=\count174
\abovecaptionskip=\skip47
\belowcaptionskip=\skip48
\bibindent=\dimen134
)
("D:\Archivos de programa (x86)\MikTex\tex/latex/base\inputenc.sty"
Package: inputenc 2018/08/11 v1.3c Input encoding file
\inpenc@prehook=\toks15
\inpenc@posthook=\toks16
)
("D:\Archivos de programa (x86)\MikTex\tex/latex/base\fontenc.sty"
Package: fontenc 2020/02/11 v2.0o Standard LaTeX package
)
("D:\Archivos de programa (x86)\MikTex\tex/latex/amsmath\amsmath.sty"
Package: amsmath 2020/01/20 v2.17e AMS math features
\@mathmargin=\skip49

For additional information on amsmath, use the `?' option.
("D:\Archivos de programa (x86)\MikTex\tex/latex/amsmath\amstext.sty"
Package: amstext 2000/06/29 v2.01 AMS text

("D:\Archivos de programa (x86)\MikTex\tex/latex/amsmath\amsgen.sty"
File: amsgen.sty 1999/11/30 v2.0 generic functions
\@emptytoks=\toks17
\ex@=\dimen135
))
("D:\Archivos de programa (x86)\MikTex\tex/latex/amsmath\amsbsy.sty"
Package: amsbsy 1999/11/29 v1.2d Bold Symbols
\pmbraise@=\dimen136
)
("D:\Archivos de programa (x86)\MikTex\tex/latex/amsmath\amsopn.sty"
Package: amsopn 2016/03/08 v2.02 operator names
)
\inf@bad=\count175
LaTeX Info: Redefining \frac on input line 227.
\uproot@=\count176
\leftroot@=\count177
LaTeX Info: Redefining \overline on input line 389.
\classnum@=\count178
\DOTSCASE@=\count179
LaTeX Info: Redefining \ldots on input line 486.
LaTeX Info: Redefining \dots on input line 489.
LaTeX Info: Redefining \cdots on input line 610.
\Mathstrutbox@=\box45
\strutbox@=\box46
\big@size=\dimen137
LaTeX Font Info:    Redeclaring font encoding OML on input line 733.
LaTeX Font Info:    Redeclaring font encoding OMS on input line 734.
\macc@depth=\count180
\c@MaxMatrixCols=\count181
\dotsspace@=\muskip16
\c@parentequation=\count182
\dspbrk@lvl=\count183
\tag@help=\toks18
\row@=\count184
\column@=\count185
\maxfields@=\count186
\andhelp@=\toks19
\eqnshift@=\dimen138
\alignsep@=\dimen139
\tagshift@=\dimen140
\tagwidth@=\dimen141
\totwidth@=\dimen142
\lineht@=\dimen143
\@envbody=\toks20
\multlinegap=\skip50
\multlinetaggap=\skip51
\mathdisplay@stack=\toks21
LaTeX Info: Redefining \[ on input line 2859.
LaTeX Info: Redefining \] on input line 2860.
)
("D:\Archivos de programa (x86)\MikTex\tex/latex/amsfonts\amsfonts.sty"
Package: amsfonts 2013/01/14 v3.01 Basic AMSFonts support
\symAMSa=\mathgroup4
\symAMSb=\mathgroup5
LaTeX Font Info:    Redeclaring math symbol \hbar on input line 98.
LaTeX Font Info:    Overwriting math alphabet `\mathfrak' in version `bold'
(Font)                  U/euf/m/n --> U/euf/b/n on input line 106.
)
("D:\Archivos de programa (x86)\MikTex\tex/latex/amsfonts\amssymb.sty"
Package: amssymb 2013/01/14 v3.01 AMS font symbols
)
("D:\Archivos de programa (x86)\MikTex\tex/latex/graphics\graphicx.sty"
Package: graphicx 2019/11/30 v1.2a Enhanced LaTeX Graphics (DPC,SPQR)

("D:\Archivos de programa (x86)\MikTex\tex/latex/graphics\keyval.sty"
Package: keyval 2014/10/28 v1.15 key=value parser (DPC)
\KV@toks@=\toks22
)
("D:\Archivos de programa (x86)\MikTex\tex/latex/graphics\graphics.sty"
Package: graphics 2019/11/30 v1.4a Standard LaTeX Graphics (DPC,SPQR)

("D:\Archivos de programa (x86)\MikTex\tex/latex/graphics\trig.sty"
Package: trig 2016/01/03 v1.10 sin cos tan (DPC)
)
("D:\Archivos de programa (x86)\MikTex\tex/latex/graphics-cfg\graphics.cfg"
File: graphics.cfg 2016/06/04 v1.11 sample graphics configuration
)
Package graphics Info: Driver file: pdftex.def on input line 105.

("D:\Archivos de programa (x86)\MikTex\tex/latex/graphics-def\pdftex.def"
File: pdftex.def 2018/01/08 v1.0l Graphics/color driver for pdftex
))
\Gin@req@height=\dimen144
\Gin@req@width=\dimen145
)
("D:\Program Files\MiKTeX\tex/latex/wrapfig\wrapfig.sty"
\wrapoverhang=\dimen146
\WF@size=\dimen147
\c@WF@wrappedlines=\count187
\WF@box=\box47
\WF@everypar=\toks23
Package: wrapfig 2003/01/31  v 3.6
)
("D:\Program Files\MiKTeX\tex/latex/fancyhdr\fancyhdr.sty"
Package: fancyhdr 2019/01/31 v3.10 Extensive control of page headers and footer
s
\f@nch@headwidth=\skip52
\f@nch@O@elh=\skip53
\f@nch@O@erh=\skip54
\f@nch@O@olh=\skip55
\f@nch@O@orh=\skip56
\f@nch@O@elf=\skip57
\f@nch@O@erf=\skip58
\f@nch@O@olf=\skip59
\f@nch@O@orf=\skip60
)
("D:\Program Files\MiKTeX\tex/latex/enumitem\enumitem.sty"
Package: enumitem 2019/06/20 v3.9 Customized lists
\labelindent=\skip61
\enit@outerparindent=\dimen148
\enit@toks=\toks24
\enit@inbox=\box48
\enit@count@id=\count188
\enitdp@description=\count189
)
("D:\Program Files\MiKTeX\tex/latex/vmargin\vmargin.sty"
Package: vmargin 2004/07/15 V2.5 set document margins (VK)

Package: vmargin 2004/07/15 V2.5 set document margins (VK)
\PaperWidth=\dimen149
\PaperHeight=\dimen150
)
("D:\Archivos de programa (x86)\MikTex\tex/latex/l3backend\l3backend-pdfmode.de
f"
File: l3backend-pdfmode.def 2020-06-29 L3 backend support: PDF mode
\l__kernel_color_stack_int=\count190
\l__pdf_internal_box=\box49
) ("Tema 4.aux")
\openout1 = `"Tema 4.aux"'.

LaTeX Font Info:    Checking defaults for OML/cmm/m/it on input line 23.
LaTeX Font Info:    ... okay on input line 23.
LaTeX Font Info:    Checking defaults for OMS/cmsy/m/n on input line 23.
LaTeX Font Info:    ... okay on input line 23.
LaTeX Font Info:    Checking defaults for OT1/cmr/m/n on input line 23.
LaTeX Font Info:    ... okay on input line 23.
LaTeX Font Info:    Checking defaults for T1/cmr/m/n on input line 23.
LaTeX Font Info:    ... okay on input line 23.
LaTeX Font Info:    Checking defaults for TS1/cmr/m/n on input line 23.
LaTeX Font Info:    ... okay on input line 23.
LaTeX Font Info:    Checking defaults for OMX/cmex/m/n on input line 23.
LaTeX Font Info:    ... okay on input line 23.
LaTeX Font Info:    Checking defaults for U/cmr/m/n on input line 23.
LaTeX Font Info:    ... okay on input line 23.

("D:\Archivos de programa (x86)\MikTex\tex/context/base/mkii\supp-pdf.mkii"
[Loading MPS to PDF converter (version 2006.09.02).]
\scratchcounter=\count191
\scratchdimen=\dimen151
\scratchbox=\box50
\nofMPsegments=\count192
\nofMParguments=\count193
\everyMPshowfont=\toks25
\MPscratchCnt=\count194
\MPscratchDim=\dimen152
\MPnumerator=\count195
\makeMPintoPDFobject=\count196
\everyMPtoPDFconversion=\toks26
)
("D:\Archivos de programa (x86)\MikTex\tex/latex/epstopdf-pkg\epstopdf-base.sty
"
Package: epstopdf-base 2020-01-24 v2.11 Base part for package epstopdf
Package epstopdf-base Info: Redefining graphics rule for `.eps' on input line 4
85.
)
LaTeX Font Info:    Trying to load font information for U+msa on input line 27.

 ("D:\Archivos de programa (x86)\MikTex\tex/latex/amsfonts\umsa.fd"
File: umsa.fd 2013/01/14 v3.01 AMS symbols A
)
LaTeX Font Info:    Trying to load font information for U+msb on input line 27.


("D:\Archivos de programa (x86)\MikTex\tex/latex/amsfonts\umsb.fd"
File: umsb.fd 2013/01/14 v3.01 AMS symbols B
) [1

{C:/Users/Manuel Vicente/AppData/Local/MiKTeX/pdftex/config/pdftex.map}]
<Imagenes/diodo.jpeg, id=13, 577.15625pt x 129.48375pt>
File: Imagenes/diodo.jpeg Graphic file (type jpg)
<use Imagenes/diodo.jpeg>
Package pdftex.def Info: Imagenes/diodo.jpeg  used on input line 89.
(pdftex.def)             Requested size: 230.8584pt x 51.79257pt.
<Imagenes/modelos_1.jpeg, id=14, 596.2275pt x 280.04625pt>
File: Imagenes/modelos_1.jpeg Graphic file (type jpg)
<use Imagenes/modelos_1.jpeg>
Package pdftex.def Info: Imagenes/modelos_1.jpeg  used on input line 105.
(pdftex.def)             Requested size: 208.68274pt x 98.01764pt.
<Imagenes/modelos_2.jpeg, id=15, 729.72626pt x 313.17pt>
File: Imagenes/modelos_2.jpeg Graphic file (type jpg)
<use Imagenes/modelos_2.jpeg>
Package pdftex.def Info: Imagenes/modelos_2.jpeg  used on input line 109.
(pdftex.def)             Requested size: 255.40802pt x 109.61113pt.

Overfull \hbox (14.99998pt too wide) in paragraph at lines 103--111
[]$[]$$[]$ 
 []

[2 <./Imagenes/diodo.jpeg> <./Imagenes/modelos_1.jpeg> <./Imagenes/modelos_2.jp
eg>]
Underfull \hbox (badness 10000) in paragraph at lines 113--114

 []

<Imagenes/caracteristica_trans.jpeg, id=23, 728.7225pt x 312.16624pt>
File: Imagenes/caracteristica_trans.jpeg Graphic file (type jpg)
<use Imagenes/caracteristica_trans.jpeg>
Package pdftex.def Info: Imagenes/caracteristica_trans.jpeg  used on input line
 119.
(pdftex.def)             Requested size: 364.36035pt x 156.08273pt.
[3 <./Imagenes/caracteristica_trans.jpeg>] [4] ("Tema 4.aux") ) 
Here is how much of TeX's memory you used:
 3159 strings out of 480790
 41084 string characters out of 2900967
 280273 words of memory out of 3000000
 19141 multiletter control sequences out of 15000+200000
 544407 words of font info for 58 fonts, out of 3000000 for 9000
 1141 hyphenation exceptions out of 8191
 30i,7n,45p,273b,332s stack positions out of 5000i,500n,10000p,200000b,50000s
 <C:\Users\Manue
l Vicente\AppData\Local\MiKTeX\fonts/pk/ljfour/jknappen/ec/dpi600\ecbx1000.pk> 
<C:\Users\Manuel Vicente\AppData\Local\MiKTeX\fonts/pk/ljfour/jknappen/ec/dpi60
0\ecbx1200.pk> <C:\Users\Manuel Vicente\AppData\Local\MiKTeX\fonts/pk/ljfour/jk
nappen/ec/dpi600\ecrm1000.pk> <C:\Users\Manuel Vicente\AppData\Local\MiKTeX\fon
ts/pk/ljfour/jknappen/ec/dpi600\tcrm1000.pk> <C:\Users\Manuel Vicente\AppData\L
ocal\MiKTeX\fonts/pk/ljfour/jknappen/ec/dpi600\ecbx1440.pk> <C:\Users\Manuel Vi
cente\AppData\Local\MiKTeX\fonts/pk/ljfour/jknappen/ec/dpi600\ecrm1728.pk><D:/A
rchivos de programa (x86)/MikTex/fonts/type1/public/amsfonts/cm/cmex10.pfb><D:/
Archivos de programa (x86)/MikTex/fonts/type1/public/amsfonts/cm/cmmi10.pfb><D:
/Archivos de programa (x86)/MikTex/fonts/type1/public/amsfonts/cm/cmmi5.pfb><D:
/Archivos de programa (x86)/MikTex/fonts/type1/public/amsfonts/cm/cmmi7.pfb><D:
/Archivos de programa (x86)/MikTex/fonts/type1/public/amsfonts/cm/cmr10.pfb><D:
/Archivos de programa (x86)/MikTex/fonts/type1/public/amsfonts/cm/cmr7.pfb><D:/
Archivos de programa (x86)/MikTex/fonts/type1/public/amsfonts/cm/cmsy10.pfb>
Output written on "Tema 4.pdf" (4 pages, 238243 bytes).
PDF statistics:
 245 PDF objects out of 1000 (max. 8388607)
 0 named destinations out of 1000 (max. 500000)
 21 words of extra memory for PDF output out of 10000 (max. 10000000)

